0 info it worked if it ends with ok
1 verbose cli [ '/home/marcandy/.nvm/versions/node/v6.4.0/bin/node',
1 verbose cli   '/home/marcandy/.nvm/versions/node/v6.4.0/bin/npm',
1 verbose cli   'run',
1 verbose cli   'build' ]
2 info using npm@3.10.3
3 info using node@v6.4.0
4 verbose config Skipping project config: /home/marcandy/.npmrc. (matches userconfig)
5 verbose stack Error: ENOENT: no such file or directory, open '/home/marcandy/package.json'
5 verbose stack     at Error (native)
6 verbose cwd /home/marcandy/devmtn/provo-dm17/week-seven/react-practice/react-friends-CRA
7 error Linux 4.8.0-34-generic
8 error argv "/home/marcandy/.nvm/versions/node/v6.4.0/bin/node" "/home/marcandy/.nvm/versions/node/v6.4.0/bin/npm" "run" "build"
9 error node v6.4.0
10 error npm  v3.10.3
11 error path /home/marcandy/package.json
12 error code ENOENT
13 error errno -2
14 error syscall open
15 error enoent ENOENT: no such file or directory, open '/home/marcandy/package.json'
16 error enoent ENOENT: no such file or directory, open '/home/marcandy/package.json'
16 error enoent This is most likely not a problem with npm itself
16 error enoent and is related to npm not being able to find a file.
17 verbose exit [ -2, true ]
